
========================[ Jun 2, 2021  4:36 PM ]========================
Version 2.2.21 [Jun-14-2009]
Started database file "./TRB.D.converted.fa"
Formatted 3 sequences in volume 0
SUCCESS: formatted database ./TRB.D.ref_index

========================[ Jun 2, 2021  4:36 PM ]========================
Version 2.2.21 [Jun-14-2009]
Started database file "./TRB.V.converted.fa"
Formatted 145 sequences in volume 0
SUCCESS: formatted database ./TRB.V.ref_index

========================[ Jun 2, 2021  4:36 PM ]========================
Version 2.2.21 [Jun-14-2009]
Started database file "./TRB.J.converted.fa"
Formatted 16 sequences in volume 0
SUCCESS: formatted database ./TRB.J.ref_index

========================[ Jun 2, 2021  4:38 PM ]========================
Version 2.2.21 [Jun-14-2009]
Started database file "./TRB.D.converted.fa"
Formatted 3 sequences in volume 0
SUCCESS: formatted database ./TRB.D.ref_index

========================[ Jun 2, 2021  4:38 PM ]========================
Version 2.2.21 [Jun-14-2009]
Started database file "./TRB.V.converted.fa"
Formatted 145 sequences in volume 0
SUCCESS: formatted database ./TRB.V.ref_index

========================[ Jun 2, 2021  4:38 PM ]========================
Version 2.2.21 [Jun-14-2009]
Started database file "./TRB.J.converted.fa"
Formatted 16 sequences in volume 0
SUCCESS: formatted database ./TRB.J.ref_index
