
========================[ Aug 1, 2020 11:14 PM ]========================
Version 2.2.21 [Jun-14-2009]
Started database file "./IGH.D.converted.fa"
Formatted 31 sequences in volume 0
SUCCESS: formatted database ./IGH.D.ref_index

========================[ Aug 1, 2020 11:14 PM ]========================
Version 2.2.21 [Jun-14-2009]
Started database file "./IGH.V.converted.fa"
Formatted 170 sequences in volume 0
SUCCESS: formatted database ./IGH.V.ref_index

========================[ Aug 1, 2020 11:14 PM ]========================
Version 2.2.21 [Jun-14-2009]
Started database file "./IGH.J.converted.fa"
Formatted 21 sequences in volume 0
SUCCESS: formatted database ./IGH.J.ref_index

========================[ Aug 1, 2020 11:15 PM ]========================
Version 2.2.21 [Jun-14-2009]
Started database file "./IGH.D.converted.fa"
Formatted 31 sequences in volume 0
SUCCESS: formatted database ./IGH.D.ref_index

========================[ Aug 1, 2020 11:15 PM ]========================
Version 2.2.21 [Jun-14-2009]
Started database file "./IGH.V.converted.fa"
Formatted 170 sequences in volume 0
SUCCESS: formatted database ./IGH.V.ref_index

========================[ Aug 1, 2020 11:15 PM ]========================
Version 2.2.21 [Jun-14-2009]
Started database file "./IGH.J.converted.fa"
Formatted 21 sequences in volume 0
SUCCESS: formatted database ./IGH.J.ref_index

========================[ Aug 1, 2020 11:16 PM ]========================
Version 2.2.21 [Jun-14-2009]
Started database file "/data/Public_tools/Pipeline/pipeline_hwfssz1/IMonitor/IMonitor-1.4.1/Ref/Monkey/IGH/IGH.D.converted.fa"
Formatted 31 sequences in volume 0
SUCCESS: formatted database /data/Public_tools/Pipeline/pipeline_hwfssz1/IMonitor/IMonitor-1.4.1/Ref/Monkey/IGH/IGH.D.ref_index

========================[ Aug 1, 2020 11:16 PM ]========================
Version 2.2.21 [Jun-14-2009]
Started database file "/data/Public_tools/Pipeline/pipeline_hwfssz1/IMonitor/IMonitor-1.4.1/Ref/Monkey/IGH/IGH.V.converted.fa"
Formatted 170 sequences in volume 0
SUCCESS: formatted database /data/Public_tools/Pipeline/pipeline_hwfssz1/IMonitor/IMonitor-1.4.1/Ref/Monkey/IGH/IGH.V.ref_index

========================[ Aug 1, 2020 11:16 PM ]========================
Version 2.2.21 [Jun-14-2009]
Started database file "/data/Public_tools/Pipeline/pipeline_hwfssz1/IMonitor/IMonitor-1.4.1/Ref/Monkey/IGH/IGH.J.converted.fa"
Formatted 21 sequences in volume 0
SUCCESS: formatted database /data/Public_tools/Pipeline/pipeline_hwfssz1/IMonitor/IMonitor-1.4.1/Ref/Monkey/IGH/IGH.J.ref_index

========================[ Aug 1, 2020 11:23 PM ]========================
Version 2.2.21 [Jun-14-2009]
Started database file "/data/Public_tools/Pipeline/pipeline_hwfssz1/IMonitor/IMonitor-1.4.1/Ref/Monkey/IGH/IGH.D.converted.fa"
Formatted 31 sequences in volume 0
SUCCESS: formatted database /data/Public_tools/Pipeline/pipeline_hwfssz1/IMonitor/IMonitor-1.4.1/Ref/Monkey/IGH/IGH.D.ref_index

========================[ Aug 1, 2020 11:23 PM ]========================
Version 2.2.21 [Jun-14-2009]
Started database file "/data/Public_tools/Pipeline/pipeline_hwfssz1/IMonitor/IMonitor-1.4.1/Ref/Monkey/IGH/IGH.V.converted.fa"
Formatted 170 sequences in volume 0
SUCCESS: formatted database /data/Public_tools/Pipeline/pipeline_hwfssz1/IMonitor/IMonitor-1.4.1/Ref/Monkey/IGH/IGH.V.ref_index

========================[ Aug 1, 2020 11:23 PM ]========================
Version 2.2.21 [Jun-14-2009]
Started database file "/data/Public_tools/Pipeline/pipeline_hwfssz1/IMonitor/IMonitor-1.4.1/Ref/Monkey/IGH/IGH.J.converted.fa"
Formatted 21 sequences in volume 0
SUCCESS: formatted database /data/Public_tools/Pipeline/pipeline_hwfssz1/IMonitor/IMonitor-1.4.1/Ref/Monkey/IGH/IGH.J.ref_index

========================[ Aug 1, 2020 11:23 PM ]========================
Version 2.2.21 [Jun-14-2009]
Started database file "/data/Public_tools/Pipeline/pipeline_hwfssz1/IMonitor/IMonitor-1.4.1/Ref/Monkey/IGH/IGH.D.converted.fa"
Formatted 31 sequences in volume 0
SUCCESS: formatted database /data/Public_tools/Pipeline/pipeline_hwfssz1/IMonitor/IMonitor-1.4.1/Ref/Monkey/IGH/IGH.D.ref_index

========================[ Aug 1, 2020 11:23 PM ]========================
Version 2.2.21 [Jun-14-2009]
Started database file "/data/Public_tools/Pipeline/pipeline_hwfssz1/IMonitor/IMonitor-1.4.1/Ref/Monkey/IGH/IGH.V.converted.fa"
Formatted 170 sequences in volume 0
SUCCESS: formatted database /data/Public_tools/Pipeline/pipeline_hwfssz1/IMonitor/IMonitor-1.4.1/Ref/Monkey/IGH/IGH.V.ref_index

========================[ Aug 1, 2020 11:23 PM ]========================
Version 2.2.21 [Jun-14-2009]
Started database file "/data/Public_tools/Pipeline/pipeline_hwfssz1/IMonitor/IMonitor-1.4.1/Ref/Monkey/IGH/IGH.J.converted.fa"
Formatted 21 sequences in volume 0
SUCCESS: formatted database /data/Public_tools/Pipeline/pipeline_hwfssz1/IMonitor/IMonitor-1.4.1/Ref/Monkey/IGH/IGH.J.ref_index
