
========================[ Apr 23, 2018 12:04 AM ]========================
Version 2.2.21 [Jun-14-2009]
Started database file "./TRB.D.converted.fa"
Formatted 2 sequences in volume 0
SUCCESS: formatted database ./TRB.D.ref_index

========================[ Apr 23, 2018 12:04 AM ]========================
Version 2.2.21 [Jun-14-2009]
Started database file "./TRB.V.converted.fa"
Formatted 52 sequences in volume 0
SUCCESS: formatted database ./TRB.V.ref_index

========================[ Apr 23, 2018 12:04 AM ]========================
Version 2.2.21 [Jun-14-2009]
Started database file "./TRB.J.converted.fa"
Formatted 19 sequences in volume 0
SUCCESS: formatted database ./TRB.J.ref_index

========================[ Apr 23, 2018 10:07 AM ]========================
Version 2.2.21 [Jun-14-2009]
Started database file "./TRB.D.converted.fa"
Formatted 2 sequences in volume 0
SUCCESS: formatted database ./TRB.D.ref_index

========================[ Apr 23, 2018 10:07 AM ]========================
Version 2.2.21 [Jun-14-2009]
Started database file "./TRB.V.converted.fa"
Formatted 52 sequences in volume 0
SUCCESS: formatted database ./TRB.V.ref_index

========================[ Apr 23, 2018 10:07 AM ]========================
Version 2.2.21 [Jun-14-2009]
Started database file "./TRB.J.converted.fa"
Formatted 19 sequences in volume 0
SUCCESS: formatted database ./TRB.J.ref_index
