
========================[ Aug 18, 2021  9:07 AM ]========================
Version 2.2.21 [Jun-14-2009]
Started database file "/data/Public_tools/Pipeline/pipeline_hwfssz1/IMonitor/IMonitor-1.4.3/Ref/IGH/DJ/IGH.V.converted.fa"
Formatted 23 sequences in volume 0
SUCCESS: formatted database /data/Public_tools/Pipeline/pipeline_hwfssz1/IMonitor/IMonitor-1.4.3/Ref/IGH/DJ/IGH.V.ref_index

========================[ Aug 18, 2021  9:07 AM ]========================
Version 2.2.21 [Jun-14-2009]
Started database file "/data/Public_tools/Pipeline/pipeline_hwfssz1/IMonitor/IMonitor-1.4.3/Ref/IGH/DJ/IGH.J.converted.fa"
Formatted 13 sequences in volume 0
SUCCESS: formatted database /data/Public_tools/Pipeline/pipeline_hwfssz1/IMonitor/IMonitor-1.4.3/Ref/IGH/DJ/IGH.J.ref_index

========================[ Aug 18, 2021  9:08 AM ]========================
Version 2.2.21 [Jun-14-2009]
Started database file "/data/Public_tools/Pipeline/pipeline_hwfssz1/IMonitor/IMonitor-1.4.3/Ref/IGH/DJ/IGH.V.converted.fa"
Formatted 23 sequences in volume 0
SUCCESS: formatted database /data/Public_tools/Pipeline/pipeline_hwfssz1/IMonitor/IMonitor-1.4.3/Ref/IGH/DJ/IGH.V.ref_index

========================[ Aug 18, 2021  9:08 AM ]========================
Version 2.2.21 [Jun-14-2009]
Started database file "/data/Public_tools/Pipeline/pipeline_hwfssz1/IMonitor/IMonitor-1.4.3/Ref/IGH/DJ/IGH.J.converted.fa"
Formatted 13 sequences in volume 0
SUCCESS: formatted database /data/Public_tools/Pipeline/pipeline_hwfssz1/IMonitor/IMonitor-1.4.3/Ref/IGH/DJ/IGH.J.ref_index
