
========================[ Dec 18, 2018  5:24 PM ]========================
Version 2.2.21 [Jun-14-2009]
Started database file "./TRD.D.converted.fa"
Formatted 2 sequences in volume 0
SUCCESS: formatted database ./TRD.D.ref_index

========================[ Dec 18, 2018  5:24 PM ]========================
Version 2.2.21 [Jun-14-2009]
Started database file "./TRD.V.converted.fa"
Formatted 48 sequences in volume 0
SUCCESS: formatted database ./TRD.V.ref_index

========================[ Dec 18, 2018  5:24 PM ]========================
Version 2.2.21 [Jun-14-2009]
Started database file "./TRD.J.converted.fa"
Formatted 3 sequences in volume 0
SUCCESS: formatted database ./TRD.J.ref_index

========================[ Dec 19, 2018  1:33 PM ]========================
Version 2.2.21 [Jun-14-2009]
Started database file "./TRD.D.converted.fa"
Formatted 2 sequences in volume 0
SUCCESS: formatted database ./TRD.D.ref_index

========================[ Dec 19, 2018  1:33 PM ]========================
Version 2.2.21 [Jun-14-2009]
Started database file "./TRD.V.converted.fa"
Formatted 48 sequences in volume 0
SUCCESS: formatted database ./TRD.V.ref_index

========================[ Dec 19, 2018  1:33 PM ]========================
Version 2.2.21 [Jun-14-2009]
Started database file "./TRD.J.converted.fa"
Formatted 3 sequences in volume 0
SUCCESS: formatted database ./TRD.J.ref_index
