
========================[ Jun 2, 2021  4:49 PM ]========================
Version 2.2.21 [Jun-14-2009]
Started database file "./IGL.V.converted.fa"
Formatted 100 sequences in volume 0
SUCCESS: formatted database ./IGL.V.ref_index

========================[ Jun 2, 2021  4:49 PM ]========================
Version 2.2.21 [Jun-14-2009]
Started database file "./IGL.J.converted.fa"
Formatted 9 sequences in volume 0
SUCCESS: formatted database ./IGL.J.ref_index

========================[ Jun 2, 2021  4:53 PM ]========================
Version 2.2.21 [Jun-14-2009]
Started database file "./IGL.V.converted.fa"
Formatted 100 sequences in volume 0
SUCCESS: formatted database ./IGL.V.ref_index

========================[ Jun 2, 2021  4:53 PM ]========================
Version 2.2.21 [Jun-14-2009]
Started database file "./IGL.J.converted.fa"
Formatted 9 sequences in volume 0
SUCCESS: formatted database ./IGL.J.ref_index
